<?xml version="1.0" encoding="UTF-8"?>
<testsuite xmlns:xsi="http://www.w3.org/2001/XMLSchema-instance" xsi:noNamespaceSchemaLocation="https://maven.apache.org/surefire/maven-surefire-plugin/xsd/surefire-test-report.xsd" name="TestSuite" time="19.24" tests="12" errors="0" skipped="0" failures="1">
  <properties>
    <property name="gopherProxySet" value="false"/>
    <property name="awt.toolkit" value="sun.lwawt.macosx.LWCToolkit"/>
    <property name="java.specification.version" value="11"/>
    <property name="sun.cpu.isalist" value=""/>
    <property name="sun.jnu.encoding" value="UTF-8"/>
    <property name="java.class.path" value="/Users/anastasia/Desktop/Diplom/Diplom_2/target/test-classes:/Users/anastasia/Desktop/Diplom/Diplom_2/target/classes:/Users/anastasia/.m2/repository/junit/junit/4.13.2/junit-4.13.2.jar:/Users/anastasia/.m2/repository/org/hamcrest/hamcrest-core/1.3/hamcrest-core-1.3.jar:/Users/anastasia/.m2/repository/io/rest-assured/rest-assured/5.0.1/rest-assured-5.0.1.jar:/Users/anastasia/.m2/repository/org/apache/groovy/groovy/4.0.1/groovy-4.0.1.jar:/Users/anastasia/.m2/repository/org/apache/groovy/groovy-xml/4.0.1/groovy-xml-4.0.1.jar:/Users/anastasia/.m2/repository/org/apache/httpcomponents/httpclient/4.5.13/httpclient-4.5.13.jar:/Users/anastasia/.m2/repository/org/apache/httpcomponents/httpcore/4.4.13/httpcore-4.4.13.jar:/Users/anastasia/.m2/repository/commons-logging/commons-logging/1.2/commons-logging-1.2.jar:/Users/anastasia/.m2/repository/commons-codec/commons-codec/1.11/commons-codec-1.11.jar:/Users/anastasia/.m2/repository/org/apache/httpcomponents/httpmime/4.5.13/httpmime-4.5.13.jar:/Users/anastasia/.m2/repository/org/hamcrest/hamcrest/2.1/hamcrest-2.1.jar:/Users/anastasia/.m2/repository/org/ccil/cowan/tagsoup/tagsoup/1.2.1/tagsoup-1.2.1.jar:/Users/anastasia/.m2/repository/io/rest-assured/json-path/5.0.1/json-path-5.0.1.jar:/Users/anastasia/.m2/repository/org/apache/groovy/groovy-json/4.0.1/groovy-json-4.0.1.jar:/Users/anastasia/.m2/repository/io/rest-assured/rest-assured-common/5.0.1/rest-assured-common-5.0.1.jar:/Users/anastasia/.m2/repository/io/rest-assured/xml-path/5.0.1/xml-path-5.0.1.jar:/Users/anastasia/.m2/repository/org/apache/commons/commons-lang3/3.11/commons-lang3-3.11.jar:/Users/anastasia/.m2/repository/com/google/code/gson/gson/2.8.9/gson-2.8.9.jar:/Users/anastasia/.m2/repository/io/qameta/allure/allure-junit4/2.10.0/allure-junit4-2.10.0.jar:/Users/anastasia/.m2/repository/io/qameta/allure/allure-java-commons/2.10.0/allure-java-commons-2.10.0.jar:/Users/anastasia/.m2/repository/io/qameta/allure/allure-model/2.10.0/allure-model-2.10.0.jar:/Users/anastasia/.m2/repository/com/fasterxml/jackson/core/jackson-databind/2.9.8/jackson-databind-2.9.8.jar:/Users/anastasia/.m2/repository/org/apache/tika/tika-core/1.20/tika-core-1.20.jar:/Users/anastasia/.m2/repository/org/jooq/joor-java-8/0.9.10/joor-java-8-0.9.10.jar:/Users/anastasia/.m2/repository/io/qameta/allure/allure-rest-assured/2.10.0/allure-rest-assured-2.10.0.jar:/Users/anastasia/.m2/repository/io/qameta/allure/allure-attachments/2.10.0/allure-attachments-2.10.0.jar:/Users/anastasia/.m2/repository/io/qameta/allure/allure-plugin-api/2.10.0/allure-plugin-api-2.10.0.jar:/Users/anastasia/.m2/repository/com/fasterxml/jackson/module/jackson-module-jaxb-annotations/2.9.8/jackson-module-jaxb-annotations-2.9.8.jar:/Users/anastasia/.m2/repository/com/fasterxml/jackson/core/jackson-annotations/2.9.0/jackson-annotations-2.9.0.jar:/Users/anastasia/.m2/repository/com/fasterxml/jackson/core/jackson-core/2.9.8/jackson-core-2.9.8.jar:/Users/anastasia/.m2/repository/com/opencsv/opencsv/4.5/opencsv-4.5.jar:/Users/anastasia/.m2/repository/org/apache/commons/commons-text/1.3/commons-text-1.3.jar:/Users/anastasia/.m2/repository/commons-beanutils/commons-beanutils/1.9.3/commons-beanutils-1.9.3.jar:/Users/anastasia/.m2/repository/commons-collections/commons-collections/3.2.2/commons-collections-3.2.2.jar:/Users/anastasia/.m2/repository/org/apache/commons/commons-collections4/4.2/commons-collections4-4.2.jar:/Users/anastasia/.m2/repository/com/vladsch/flexmark/flexmark/0.40.16/flexmark-0.40.16.jar:/Users/anastasia/.m2/repository/com/vladsch/flexmark/flexmark-util/0.40.16/flexmark-util-0.40.16.jar:/Users/anastasia/.m2/repository/javax/xml/bind/jaxb-api/2.3.1/jaxb-api-2.3.1.jar:/Users/anastasia/.m2/repository/javax/activation/javax.activation-api/1.2.0/javax.activation-api-1.2.0.jar:/Users/anastasia/.m2/repository/org/freemarker/freemarker/2.3.28/freemarker-2.3.28.jar:/Users/anastasia/.m2/repository/io/qameta/allure/allure-testng/2.10.0/allure-testng-2.10.0.jar:/Users/anastasia/.m2/repository/org/testng/testng/6.14.3/testng-6.14.3.jar:/Users/anastasia/.m2/repository/com/beust/jcommander/1.72/jcommander-1.72.jar:/Users/anastasia/.m2/repository/org/apache-extras/beanshell/bsh/2.0b6/bsh-2.0b6.jar:/Users/anastasia/.m2/repository/org/assertj/assertj-core/3.22.0/assertj-core-3.22.0.jar:/Users/anastasia/.m2/repository/org/slf4j/slf4j-api/2.0.6/slf4j-api-2.0.6.jar:/Users/anastasia/.m2/repository/org/slf4j/slf4j-simple/2.0.6/slf4j-simple-2.0.6.jar:"/>
    <property name="java.vm.vendor" value="Amazon.com Inc."/>
    <property name="sun.arch.data.model" value="64"/>
    <property name="java.vendor.url" value="https://aws.amazon.com/corretto/"/>
    <property name="user.timezone" value=""/>
    <property name="java.vm.specification.version" value="11"/>
    <property name="os.name" value="Mac OS X"/>
    <property name="sun.java.launcher" value="SUN_STANDARD"/>
    <property name="user.country" value="RU"/>
    <property name="sun.boot.library.path" value="/Library/Java/JavaVirtualMachines/amazon-corretto-11.jdk/Contents/Home/lib"/>
    <property name="sun.java.command" value="/Users/anastasia/Desktop/Diplom/Diplom_2/target/surefire/surefirebooter9531078751577853275.jar /Users/anastasia/Desktop/Diplom/Diplom_2/target/surefire 2023-02-23T23-32-54_002-jvmRun1 surefire15184021597333262803tmp surefire_04243216201514409593tmp"/>
    <property name="http.nonProxyHosts" value="local|*.local|169.254/16|*.169.254/16"/>
    <property name="jdk.debug" value="release"/>
    <property name="surefire.test.class.path" value="/Users/anastasia/Desktop/Diplom/Diplom_2/target/test-classes:/Users/anastasia/Desktop/Diplom/Diplom_2/target/classes:/Users/anastasia/.m2/repository/junit/junit/4.13.2/junit-4.13.2.jar:/Users/anastasia/.m2/repository/org/hamcrest/hamcrest-core/1.3/hamcrest-core-1.3.jar:/Users/anastasia/.m2/repository/io/rest-assured/rest-assured/5.0.1/rest-assured-5.0.1.jar:/Users/anastasia/.m2/repository/org/apache/groovy/groovy/4.0.1/groovy-4.0.1.jar:/Users/anastasia/.m2/repository/org/apache/groovy/groovy-xml/4.0.1/groovy-xml-4.0.1.jar:/Users/anastasia/.m2/repository/org/apache/httpcomponents/httpclient/4.5.13/httpclient-4.5.13.jar:/Users/anastasia/.m2/repository/org/apache/httpcomponents/httpcore/4.4.13/httpcore-4.4.13.jar:/Users/anastasia/.m2/repository/commons-logging/commons-logging/1.2/commons-logging-1.2.jar:/Users/anastasia/.m2/repository/commons-codec/commons-codec/1.11/commons-codec-1.11.jar:/Users/anastasia/.m2/repository/org/apache/httpcomponents/httpmime/4.5.13/httpmime-4.5.13.jar:/Users/anastasia/.m2/repository/org/hamcrest/hamcrest/2.1/hamcrest-2.1.jar:/Users/anastasia/.m2/repository/org/ccil/cowan/tagsoup/tagsoup/1.2.1/tagsoup-1.2.1.jar:/Users/anastasia/.m2/repository/io/rest-assured/json-path/5.0.1/json-path-5.0.1.jar:/Users/anastasia/.m2/repository/org/apache/groovy/groovy-json/4.0.1/groovy-json-4.0.1.jar:/Users/anastasia/.m2/repository/io/rest-assured/rest-assured-common/5.0.1/rest-assured-common-5.0.1.jar:/Users/anastasia/.m2/repository/io/rest-assured/xml-path/5.0.1/xml-path-5.0.1.jar:/Users/anastasia/.m2/repository/org/apache/commons/commons-lang3/3.11/commons-lang3-3.11.jar:/Users/anastasia/.m2/repository/com/google/code/gson/gson/2.8.9/gson-2.8.9.jar:/Users/anastasia/.m2/repository/io/qameta/allure/allure-junit4/2.10.0/allure-junit4-2.10.0.jar:/Users/anastasia/.m2/repository/io/qameta/allure/allure-java-commons/2.10.0/allure-java-commons-2.10.0.jar:/Users/anastasia/.m2/repository/io/qameta/allure/allure-model/2.10.0/allure-model-2.10.0.jar:/Users/anastasia/.m2/repository/com/fasterxml/jackson/core/jackson-databind/2.9.8/jackson-databind-2.9.8.jar:/Users/anastasia/.m2/repository/org/apache/tika/tika-core/1.20/tika-core-1.20.jar:/Users/anastasia/.m2/repository/org/jooq/joor-java-8/0.9.10/joor-java-8-0.9.10.jar:/Users/anastasia/.m2/repository/io/qameta/allure/allure-rest-assured/2.10.0/allure-rest-assured-2.10.0.jar:/Users/anastasia/.m2/repository/io/qameta/allure/allure-attachments/2.10.0/allure-attachments-2.10.0.jar:/Users/anastasia/.m2/repository/io/qameta/allure/allure-plugin-api/2.10.0/allure-plugin-api-2.10.0.jar:/Users/anastasia/.m2/repository/com/fasterxml/jackson/module/jackson-module-jaxb-annotations/2.9.8/jackson-module-jaxb-annotations-2.9.8.jar:/Users/anastasia/.m2/repository/com/fasterxml/jackson/core/jackson-annotations/2.9.0/jackson-annotations-2.9.0.jar:/Users/anastasia/.m2/repository/com/fasterxml/jackson/core/jackson-core/2.9.8/jackson-core-2.9.8.jar:/Users/anastasia/.m2/repository/com/opencsv/opencsv/4.5/opencsv-4.5.jar:/Users/anastasia/.m2/repository/org/apache/commons/commons-text/1.3/commons-text-1.3.jar:/Users/anastasia/.m2/repository/commons-beanutils/commons-beanutils/1.9.3/commons-beanutils-1.9.3.jar:/Users/anastasia/.m2/repository/commons-collections/commons-collections/3.2.2/commons-collections-3.2.2.jar:/Users/anastasia/.m2/repository/org/apache/commons/commons-collections4/4.2/commons-collections4-4.2.jar:/Users/anastasia/.m2/repository/com/vladsch/flexmark/flexmark/0.40.16/flexmark-0.40.16.jar:/Users/anastasia/.m2/repository/com/vladsch/flexmark/flexmark-util/0.40.16/flexmark-util-0.40.16.jar:/Users/anastasia/.m2/repository/javax/xml/bind/jaxb-api/2.3.1/jaxb-api-2.3.1.jar:/Users/anastasia/.m2/repository/javax/activation/javax.activation-api/1.2.0/javax.activation-api-1.2.0.jar:/Users/anastasia/.m2/repository/org/freemarker/freemarker/2.3.28/freemarker-2.3.28.jar:/Users/anastasia/.m2/repository/io/qameta/allure/allure-testng/2.10.0/allure-testng-2.10.0.jar:/Users/anastasia/.m2/repository/org/testng/testng/6.14.3/testng-6.14.3.jar:/Users/anastasia/.m2/repository/com/beust/jcommander/1.72/jcommander-1.72.jar:/Users/anastasia/.m2/repository/org/apache-extras/beanshell/bsh/2.0b6/bsh-2.0b6.jar:/Users/anastasia/.m2/repository/org/assertj/assertj-core/3.22.0/assertj-core-3.22.0.jar:/Users/anastasia/.m2/repository/org/slf4j/slf4j-api/2.0.6/slf4j-api-2.0.6.jar:/Users/anastasia/.m2/repository/org/slf4j/slf4j-simple/2.0.6/slf4j-simple-2.0.6.jar:"/>
    <property name="sun.cpu.endian" value="little"/>
    <property name="allure.results.directory" value="/Users/anastasia/Desktop/Diplom/Diplom_2/target/allure-results"/>
    <property name="user.home" value="/Users/anastasia"/>
    <property name="user.language" value="ru"/>
    <property name="java.specification.vendor" value="Oracle Corporation"/>
    <property name="java.version.date" value="2022-08-12"/>
    <property name="java.home" value="/Library/Java/JavaVirtualMachines/amazon-corretto-11.jdk/Contents/Home"/>
    <property name="file.separator" value="/"/>
    <property name="basedir" value="/Users/anastasia/Desktop/Diplom/Diplom_2"/>
    <property name="java.vm.compressedOopsMode" value="Zero based"/>
    <property name="line.separator" value="&#10;"/>
    <property name="java.specification.name" value="Java Platform API Specification"/>
    <property name="java.vm.specification.vendor" value="Oracle Corporation"/>
    <property name="java.awt.graphicsenv" value="sun.awt.CGraphicsEnvironment"/>
    <property name="surefire.real.class.path" value="/Users/anastasia/Desktop/Diplom/Diplom_2/target/surefire/surefirebooter9531078751577853275.jar"/>
    <property name="sun.management.compiler" value="HotSpot 64-Bit Tiered Compilers"/>
    <property name="ftp.nonProxyHosts" value="local|*.local|169.254/16|*.169.254/16"/>
    <property name="java.runtime.version" value="11.0.16.1+9-LTS"/>
    <property name="user.name" value="anastasia"/>
    <property name="path.separator" value=":"/>
    <property name="os.version" value="10.15.7"/>
    <property name="java.runtime.name" value="OpenJDK Runtime Environment"/>
    <property name="file.encoding" value="UTF-8"/>
    <property name="java.vm.name" value="OpenJDK 64-Bit Server VM"/>
    <property name="java.vendor.version" value="Corretto-11.0.16.9.1"/>
    <property name="localRepository" value="/Users/anastasia/.m2/repository"/>
    <property name="java.vendor.url.bug" value="https://github.com/corretto/corretto-11/issues/"/>
    <property name="java.io.tmpdir" value="/var/folders/t4/31svzkts2lg08n2lvyzc5h100000gn/T/"/>
    <property name="idea.version" value="2022.2.3"/>
    <property name="java.version" value="11.0.16.1"/>
    <property name="user.dir" value="/Users/anastasia/Desktop/Diplom/Diplom_2"/>
    <property name="os.arch" value="x86_64"/>
    <property name="java.vm.specification.name" value="Java Virtual Machine Specification"/>
    <property name="java.awt.printerjob" value="sun.lwawt.macosx.CPrinterJob"/>
    <property name="sun.os.patch.level" value="unknown"/>
    <property name="java.library.path" value="/Users/anastasia/Library/Java/Extensions:/Library/Java/Extensions:/Network/Library/Java/Extensions:/System/Library/Java/Extensions:/usr/lib/java:."/>
    <property name="java.vm.info" value="mixed mode"/>
    <property name="java.vendor" value="Amazon.com Inc."/>
    <property name="java.vm.version" value="11.0.16.1+9-LTS"/>
    <property name="sun.io.unicode.encoding" value="UnicodeBig"/>
    <property name="java.class.version" value="55.0"/>
    <property name="socksNonProxyHosts" value="local|*.local|169.254/16|*.169.254/16"/>
  </properties>
  <testcase name="createOrderNotAuthorized on createOrderNotAuthorized(TestOrder)" classname="TestOrder" time="9.71"/>
  <testcase name="createOrderAuthorized on createOrderAuthorized(TestOrder)" classname="TestOrder" time="10.876"/>
  <testcase name="createOderWithNullIngredient on createOderWithNullIngredient(TestOrder)" classname="TestOrder" time="11.57"/>
  <testcase name="userEditLoginNotAuthorized on userEditLoginNotAuthorized(TestUserEditProfile)" classname="TestUserEditProfile" time="12.301"/>
  <testcase name="userEditAuthorized on userEditAuthorized(TestUserEditProfile)" classname="TestUserEditProfile" time="13.028"/>
  <testcase name="userEditNameNotAuthorized on userEditNameNotAuthorized(TestUserEditProfile)" classname="TestUserEditProfile" time="13.838"/>
  <testcase name="userEditNameAuthorized on userEditNameAuthorized(TestUserEditProfile)" classname="TestUserEditProfile" time="15.173">
    <failure message="1 expectation failed.&#10;Expected status code &lt;200&gt; but was &lt;403&gt;.&#10;" type="java.lang.AssertionError"><![CDATA[java.lang.AssertionError: 
1 expectation failed.
Expected status code <200> but was <403>.

	at TestUserEditProfile.userEditNameAuthorized(TestUserEditProfile.java:48)
]]></failure>
    <system-err><![CDATA[[main] ERROR io.qameta.allure.AllureLifecycle - Could not start step: no test case running
[main] ERROR io.qameta.allure.AllureLifecycle - Could not update step: no step running
[main] ERROR io.qameta.allure.AllureLifecycle - Could not stop step: no step running
[main] ERROR io.qameta.allure.AllureLifecycle - Could not start step: no test case running
[main] ERROR io.qameta.allure.AllureLifecycle - Could not start step: no test case running
[main] ERROR io.qameta.allure.AllureLifecycle - Could not update step: no step running
[main] ERROR io.qameta.allure.AllureLifecycle - Could not stop step: no step running
[main] ERROR io.qameta.allure.AllureLifecycle - Could not start step: no test case running
[main] ERROR io.qameta.allure.AllureLifecycle - Could not update step: no step running
[main] ERROR io.qameta.allure.AllureLifecycle - Could not stop step: no step running
[main] ERROR io.qameta.allure.AllureLifecycle - Could not update step: no step running
[main] ERROR io.qameta.allure.AllureLifecycle - Could not stop step: no step running
[main] ERROR io.qameta.allure.AllureLifecycle - Could not start step: no test case running
[main] ERROR io.qameta.allure.AllureLifecycle - Could not update step: no step running
[main] ERROR io.qameta.allure.AllureLifecycle - Could not stop step: no step running
[main] ERROR io.qameta.allure.AllureLifecycle - Could not update test case: test case with uuid 15f72093-d1a9-4ca8-a368-b93229766d7a not found
[main] ERROR io.qameta.allure.AllureLifecycle - Could not stop test case: test case with uuid 15f72093-d1a9-4ca8-a368-b93229766d7a not found
[main] ERROR io.qameta.allure.AllureLifecycle - Could not write test case: test case with uuid 15f72093-d1a9-4ca8-a368-b93229766d7a not found
]]></system-err>
  </testcase>
  <testcase name="creationSameUserFailed on creationSameUserFailed(TestUserRegistration)" classname="TestUserRegistration" time="16.158"/>
  <testcase name="userCreated on userCreated(TestUserRegistration)" classname="TestUserRegistration" time="17.23"/>
  <testcase name="notLoggedInvalidEmail on notLoggedInvalidEmail(TestUserLogin)" classname="TestUserLogin" time="17.852"/>
  <testcase name="notLoggedInvalidPassword on notLoggedInvalidPassword(TestUserLogin)" classname="TestUserLogin" time="18.432"/>
  <testcase name="loggedIn on loggedIn(TestUserLogin)" classname="TestUserLogin" time="19.005"/>
</testsuite>