<?xml version="1.0" encoding="UTF-8"?>
<!-- Generated by org.testng.reporters.JUnitReportReporter -->
<testsuite hostname="192.168.1.5" failures="0" tests="3" name="TestOrder" time="26.385" errors="0" timestamp="18 февр. 2023 17:08:01 GMT" skipped="0">
  <testcase classname="TestOrder" name="createOrderAuthorized" time="8.894"/>
  <testcase classname="TestOrder" name="createOderWithNullIngredient" time="9.633"/>
  <testcase classname="TestOrder" name="createOrderNotAuthorized" time="7.858"/>
</testsuite> <!-- TestOrder -->
