<?xml version="1.0" encoding="UTF-8"?>
<!-- Generated by org.testng.reporters.JUnitReportReporter -->
<testsuite hostname="192.168.1.5" failures="0" tests="3" name="TestUserLogin" time="3.109" errors="0" timestamp="18 февр. 2023 17:08:01 GMT" skipped="0">
  <testcase classname="TestUserLogin" name="notLoggedInvalidEmail" time="0.482"/>
  <testcase classname="TestUserLogin" name="notLoggedInvalidPassword" time="1.024"/>
  <testcase classname="TestUserLogin" name="loggedIn" time="1.603"/>
</testsuite> <!-- TestUserLogin -->
