<?xml version="1.0" encoding="UTF-8"?>
<!-- Generated by org.testng.reporters.JUnitReportReporter -->
<testsuite hostname="192.168.1.5" failures="0" tests="2" name="TestUserRegistration" time="1.356" errors="0" timestamp="18 февр. 2023 17:08:01 GMT" skipped="0">
  <testcase classname="TestUserRegistration" name="userCreated" time="0.858"/>
  <testcase classname="TestUserRegistration" name="creationSameUserFailed" time="0.498"/>
</testsuite> <!-- TestUserRegistration -->
