<?xml version="1.0" encoding="UTF-8"?>
<!-- Generated by org.testng.reporters.JUnitReportReporter -->
<testsuite hostname="192.168.1.5" failures="0" tests="3" name="TestUserLogin" time="3.589" errors="0" timestamp="23 февр. 2023 22:33:15 GMT" skipped="0">
  <testcase classname="TestUserLogin" name="notLoggedInvalidPassword" time="1.199"/>
  <testcase classname="TestUserLogin" name="loggedIn" time="1.773"/>
  <testcase classname="TestUserLogin" name="notLoggedInvalidEmail" time="0.617"/>
</testsuite> <!-- TestUserLogin -->
