<?xml version="1.0" encoding="UTF-8"?>
<!-- Generated by org.testng.reporters.JUnitReportReporter -->
<testsuite hostname="192.168.1.5" failures="0" tests="2" name="TestUserRegistration" time="3.028" errors="0" timestamp="23 февр. 2023 22:33:15 GMT" skipped="0">
  <testcase classname="TestUserRegistration" name="userCreated" time="2.050"/>
  <testcase classname="TestUserRegistration" name="creationSameUserFailed" time="0.978"/>
</testsuite> <!-- TestUserRegistration -->
