<?xml version="1.0" encoding="UTF-8"?>
<!-- Generated by org.testng.reporters.JUnitReportReporter -->
<testsuite hostname="192.168.1.5" failures="0" tests="4" name="TestUserEditProfile" time="7.427" errors="0" timestamp="18 февр. 2023 17:08:01 GMT" skipped="0">
  <testcase classname="TestUserEditProfile" name="userEditLoginNotAuthorized" time="0.830"/>
  <testcase classname="TestUserEditProfile" name="userEditNameAuthorized" time="2.880"/>
  <testcase classname="TestUserEditProfile" name="userEditNameNotAuthorized" time="2.181"/>
  <testcase classname="TestUserEditProfile" name="userEditAuthorized" time="1.536"/>
</testsuite> <!-- TestUserEditProfile -->
