<?xml version="1.0" encoding="UTF-8"?>
<!-- Generated by org.testng.reporters.JUnitReportReporter -->
<testsuite hostname="192.168.1.5" failures="0" tests="3" name="TestOrder" time="25.353" errors="0" timestamp="23 февр. 2023 22:33:15 GMT" skipped="0">
  <testcase classname="TestOrder" name="createOrderNotAuthorized" time="7.441"/>
  <testcase classname="TestOrder" name="createOrderAuthorized" time="8.609"/>
  <testcase classname="TestOrder" name="createOderWithNullIngredient" time="9.303"/>
</testsuite> <!-- TestOrder -->
